  assignment.c
D:\Y1S3\PCD2\Assignment\AACS1084AssignmentTaiYongXinLengWeiHengTiuKaiHannChongLiQian\Program\PCD2_Assignment\assignment.c(232,3): warning C4013: 'main' undefined; assuming extern returning int
D:\Y1S3\PCD2\Assignment\AACS1084AssignmentTaiYongXinLengWeiHengTiuKaiHannChongLiQian\Program\PCD2_Assignment\assignment.c(2693,29): warning C4047: 'function': 'char *' differs in levels of indirection from 'char (*)[50]'
D:\Y1S3\PCD2\Assignment\AACS1084AssignmentTaiYongXinLengWeiHengTiuKaiHannChongLiQian\Program\PCD2_Assignment\assignment.c(2693,29): warning C4024: 'modifyEditTable': different types for formal and actual parameter 2
D:\Y1S3\PCD2\Assignment\AACS1084AssignmentTaiYongXinLengWeiHengTiuKaiHannChongLiQian\Program\PCD2_Assignment\assignment.c(2697,29): warning C4047: 'function': 'char *' differs in levels of indirection from 'char (*)[13]'
D:\Y1S3\PCD2\Assignment\AACS1084AssignmentTaiYongXinLengWeiHengTiuKaiHannChongLiQian\Program\PCD2_Assignment\assignment.c(2697,29): warning C4024: 'modifyEditTable': different types for formal and actual parameter 2
D:\Y1S3\PCD2\Assignment\AACS1084AssignmentTaiYongXinLengWeiHengTiuKaiHannChongLiQian\Program\PCD2_Assignment\assignment.c(2701,29): warning C4047: 'function': 'char *' differs in levels of indirection from 'char (*)[3]'
D:\Y1S3\PCD2\Assignment\AACS1084AssignmentTaiYongXinLengWeiHengTiuKaiHannChongLiQian\Program\PCD2_Assignment\assignment.c(2701,29): warning C4024: 'modifyEditTable': different types for formal and actual parameter 2
D:\Y1S3\PCD2\Assignment\AACS1084AssignmentTaiYongXinLengWeiHengTiuKaiHannChongLiQian\Program\PCD2_Assignment\assignment.c(2709,29): warning C4047: 'function': 'char *' differs in levels of indirection from 'char (*)[11]'
D:\Y1S3\PCD2\Assignment\AACS1084AssignmentTaiYongXinLengWeiHengTiuKaiHannChongLiQian\Program\PCD2_Assignment\assignment.c(2709,29): warning C4024: 'modifyEditTable': different types for formal and actual parameter 2
D:\Y1S3\PCD2\Assignment\AACS1084AssignmentTaiYongXinLengWeiHengTiuKaiHannChongLiQian\Program\PCD2_Assignment\assignment.c(2713,29): warning C4047: 'function': 'char *' differs in levels of indirection from 'char (*)[50]'
D:\Y1S3\PCD2\Assignment\AACS1084AssignmentTaiYongXinLengWeiHengTiuKaiHannChongLiQian\Program\PCD2_Assignment\assignment.c(2713,29): warning C4024: 'modifyEditTable': different types for formal and actual parameter 2
D:\Y1S3\PCD2\Assignment\AACS1084AssignmentTaiYongXinLengWeiHengTiuKaiHannChongLiQian\Program\PCD2_Assignment\assignment.c(2732,30): warning C4047: 'function': 'char *' differs in levels of indirection from 'char (*)[100]'
D:\Y1S3\PCD2\Assignment\AACS1084AssignmentTaiYongXinLengWeiHengTiuKaiHannChongLiQian\Program\PCD2_Assignment\assignment.c(2732,30): warning C4024: 'modifyEditTable': different types for formal and actual parameter 2
D:\Y1S3\PCD2\Assignment\AACS1084AssignmentTaiYongXinLengWeiHengTiuKaiHannChongLiQian\Program\PCD2_Assignment\assignment.c(2735,30): warning C4047: 'function': 'char *' differs in levels of indirection from 'char (*)[100]'
D:\Y1S3\PCD2\Assignment\AACS1084AssignmentTaiYongXinLengWeiHengTiuKaiHannChongLiQian\Program\PCD2_Assignment\assignment.c(2735,30): warning C4024: 'modifyEditTable': different types for formal and actual parameter 2
D:\Y1S3\PCD2\Assignment\AACS1084AssignmentTaiYongXinLengWeiHengTiuKaiHannChongLiQian\Program\PCD2_Assignment\assignment.c(2738,30): warning C4047: 'function': 'char *' differs in levels of indirection from 'char (*)[6]'
D:\Y1S3\PCD2\Assignment\AACS1084AssignmentTaiYongXinLengWeiHengTiuKaiHannChongLiQian\Program\PCD2_Assignment\assignment.c(2738,30): warning C4024: 'modifyEditTable': different types for formal and actual parameter 2
D:\Y1S3\PCD2\Assignment\AACS1084AssignmentTaiYongXinLengWeiHengTiuKaiHannChongLiQian\Program\PCD2_Assignment\assignment.c(2741,30): warning C4047: 'function': 'char *' differs in levels of indirection from 'char (*)[50]'
D:\Y1S3\PCD2\Assignment\AACS1084AssignmentTaiYongXinLengWeiHengTiuKaiHannChongLiQian\Program\PCD2_Assignment\assignment.c(2741,30): warning C4024: 'modifyEditTable': different types for formal and actual parameter 2
D:\Y1S3\PCD2\Assignment\AACS1084AssignmentTaiYongXinLengWeiHengTiuKaiHannChongLiQian\Program\PCD2_Assignment\assignment.c(2772,30): warning C4047: 'function': 'char *' differs in levels of indirection from 'char (*)[13]'
D:\Y1S3\PCD2\Assignment\AACS1084AssignmentTaiYongXinLengWeiHengTiuKaiHannChongLiQian\Program\PCD2_Assignment\assignment.c(2772,30): warning C4024: 'modifyEditTable': different types for formal and actual parameter 2
D:\Y1S3\PCD2\Assignment\AACS1084AssignmentTaiYongXinLengWeiHengTiuKaiHannChongLiQian\Program\PCD2_Assignment\assignment.c(2805,31): warning C4047: 'function': 'char *' differs in levels of indirection from 'char (*)[50]'
D:\Y1S3\PCD2\Assignment\AACS1084AssignmentTaiYongXinLengWeiHengTiuKaiHannChongLiQian\Program\PCD2_Assignment\assignment.c(2805,31): warning C4024: 'modifyEditTable': different types for formal and actual parameter 2
D:\Y1S3\PCD2\Assignment\AACS1084AssignmentTaiYongXinLengWeiHengTiuKaiHannChongLiQian\Program\PCD2_Assignment\assignment.c(2952,28): warning C4047: 'function': 'char *' differs in levels of indirection from 'char (*)[50]'
D:\Y1S3\PCD2\Assignment\AACS1084AssignmentTaiYongXinLengWeiHengTiuKaiHannChongLiQian\Program\PCD2_Assignment\assignment.c(2952,28): warning C4024: 'modifyEditTable': different types for formal and actual parameter 2
D:\Y1S3\PCD2\Assignment\AACS1084AssignmentTaiYongXinLengWeiHengTiuKaiHannChongLiQian\Program\PCD2_Assignment\assignment.c(2956,28): warning C4047: 'function': 'char *' differs in levels of indirection from 'char (*)[13]'
D:\Y1S3\PCD2\Assignment\AACS1084AssignmentTaiYongXinLengWeiHengTiuKaiHannChongLiQian\Program\PCD2_Assignment\assignment.c(2956,28): warning C4024: 'modifyEditTable': different types for formal and actual parameter 2
D:\Y1S3\PCD2\Assignment\AACS1084AssignmentTaiYongXinLengWeiHengTiuKaiHannChongLiQian\Program\PCD2_Assignment\assignment.c(2960,28): warning C4047: 'function': 'char *' differs in levels of indirection from 'char (*)[3]'
D:\Y1S3\PCD2\Assignment\AACS1084AssignmentTaiYongXinLengWeiHengTiuKaiHannChongLiQian\Program\PCD2_Assignment\assignment.c(2960,28): warning C4024: 'modifyEditTable': different types for formal and actual parameter 2
D:\Y1S3\PCD2\Assignment\AACS1084AssignmentTaiYongXinLengWeiHengTiuKaiHannChongLiQian\Program\PCD2_Assignment\assignment.c(2968,28): warning C4047: 'function': 'char *' differs in levels of indirection from 'char (*)[11]'
D:\Y1S3\PCD2\Assignment\AACS1084AssignmentTaiYongXinLengWeiHengTiuKaiHannChongLiQian\Program\PCD2_Assignment\assignment.c(2968,28): warning C4024: 'modifyEditTable': different types for formal and actual parameter 2
D:\Y1S3\PCD2\Assignment\AACS1084AssignmentTaiYongXinLengWeiHengTiuKaiHannChongLiQian\Program\PCD2_Assignment\assignment.c(2972,28): warning C4047: 'function': 'char *' differs in levels of indirection from 'char (*)[50]'
D:\Y1S3\PCD2\Assignment\AACS1084AssignmentTaiYongXinLengWeiHengTiuKaiHannChongLiQian\Program\PCD2_Assignment\assignment.c(2972,28): warning C4024: 'modifyEditTable': different types for formal and actual parameter 2
D:\Y1S3\PCD2\Assignment\AACS1084AssignmentTaiYongXinLengWeiHengTiuKaiHannChongLiQian\Program\PCD2_Assignment\assignment.c(2992,29): warning C4047: 'function': 'char *' differs in levels of indirection from 'char (*)[100]'
D:\Y1S3\PCD2\Assignment\AACS1084AssignmentTaiYongXinLengWeiHengTiuKaiHannChongLiQian\Program\PCD2_Assignment\assignment.c(2992,29): warning C4024: 'modifyEditTable': different types for formal and actual parameter 2
D:\Y1S3\PCD2\Assignment\AACS1084AssignmentTaiYongXinLengWeiHengTiuKaiHannChongLiQian\Program\PCD2_Assignment\assignment.c(2995,29): warning C4047: 'function': 'char *' differs in levels of indirection from 'char (*)[100]'
D:\Y1S3\PCD2\Assignment\AACS1084AssignmentTaiYongXinLengWeiHengTiuKaiHannChongLiQian\Program\PCD2_Assignment\assignment.c(2995,29): warning C4024: 'modifyEditTable': different types for formal and actual parameter 2
D:\Y1S3\PCD2\Assignment\AACS1084AssignmentTaiYongXinLengWeiHengTiuKaiHannChongLiQian\Program\PCD2_Assignment\assignment.c(2998,29): warning C4047: 'function': 'char *' differs in levels of indirection from 'char (*)[6]'
D:\Y1S3\PCD2\Assignment\AACS1084AssignmentTaiYongXinLengWeiHengTiuKaiHannChongLiQian\Program\PCD2_Assignment\assignment.c(2998,29): warning C4024: 'modifyEditTable': different types for formal and actual parameter 2
D:\Y1S3\PCD2\Assignment\AACS1084AssignmentTaiYongXinLengWeiHengTiuKaiHannChongLiQian\Program\PCD2_Assignment\assignment.c(3001,29): warning C4047: 'function': 'char *' differs in levels of indirection from 'char (*)[50]'
D:\Y1S3\PCD2\Assignment\AACS1084AssignmentTaiYongXinLengWeiHengTiuKaiHannChongLiQian\Program\PCD2_Assignment\assignment.c(3001,29): warning C4024: 'modifyEditTable': different types for formal and actual parameter 2
D:\Y1S3\PCD2\Assignment\AACS1084AssignmentTaiYongXinLengWeiHengTiuKaiHannChongLiQian\Program\PCD2_Assignment\assignment.c(3035,29): warning C4047: 'function': 'char *' differs in levels of indirection from 'char (*)[13]'
D:\Y1S3\PCD2\Assignment\AACS1084AssignmentTaiYongXinLengWeiHengTiuKaiHannChongLiQian\Program\PCD2_Assignment\assignment.c(3035,29): warning C4024: 'modifyEditTable': different types for formal and actual parameter 2
D:\Y1S3\PCD2\Assignment\AACS1084AssignmentTaiYongXinLengWeiHengTiuKaiHannChongLiQian\Program\PCD2_Assignment\assignment.c(3067,30): warning C4047: 'function': 'char *' differs in levels of indirection from 'char (*)[50]'
D:\Y1S3\PCD2\Assignment\AACS1084AssignmentTaiYongXinLengWeiHengTiuKaiHannChongLiQian\Program\PCD2_Assignment\assignment.c(3067,30): warning C4024: 'modifyEditTable': different types for formal and actual parameter 2
D:\Y1S3\PCD2\Assignment\AACS1084AssignmentTaiYongXinLengWeiHengTiuKaiHannChongLiQian\Program\PCD2_Assignment\assignment.c(4035,12): warning C4267: 'initializing': conversion from 'size_t' to 'int', possible loss of data
D:\Y1S3\PCD2\Assignment\AACS1084AssignmentTaiYongXinLengWeiHengTiuKaiHannChongLiQian\Program\PCD2_Assignment\assignment.c(4072,12): warning C4267: 'initializing': conversion from 'size_t' to 'int', possible loss of data
D:\Y1S3\PCD2\Assignment\AACS1084AssignmentTaiYongXinLengWeiHengTiuKaiHannChongLiQian\Program\PCD2_Assignment\assignment.c(4109,12): warning C4267: 'initializing': conversion from 'size_t' to 'int', possible loss of data
D:\Y1S3\PCD2\Assignment\AACS1084AssignmentTaiYongXinLengWeiHengTiuKaiHannChongLiQian\Program\PCD2_Assignment\assignment.c(4142,12): warning C4267: 'initializing': conversion from 'size_t' to 'int', possible loss of data
D:\Y1S3\PCD2\Assignment\AACS1084AssignmentTaiYongXinLengWeiHengTiuKaiHannChongLiQian\Program\PCD2_Assignment\assignment.c(4158,12): warning C4267: 'initializing': conversion from 'size_t' to 'int', possible loss of data
D:\Y1S3\PCD2\Assignment\AACS1084AssignmentTaiYongXinLengWeiHengTiuKaiHannChongLiQian\Program\PCD2_Assignment\assignment.c(4176,12): warning C4267: 'initializing': conversion from 'size_t' to 'int', possible loss of data
D:\Y1S3\PCD2\Assignment\AACS1084AssignmentTaiYongXinLengWeiHengTiuKaiHannChongLiQian\Program\PCD2_Assignment\assignment.c(4558,27): warning C4047: '!=': 'int' differs in levels of indirection from 'void *'
D:\Y1S3\PCD2\Assignment\AACS1084AssignmentTaiYongXinLengWeiHengTiuKaiHannChongLiQian\Program\PCD2_Assignment\assignment.c(5831,4): warning C4013: 'rintf' undefined; assuming extern returning int
D:\Y1S3\PCD2\Assignment\AACS1084AssignmentTaiYongXinLengWeiHengTiuKaiHannChongLiQian\Program\PCD2_Assignment\assignment.c(5949,17): warning C4267: 'initializing': conversion from 'size_t' to 'int', possible loss of data
D:\Y1S3\PCD2\Assignment\AACS1084AssignmentTaiYongXinLengWeiHengTiuKaiHannChongLiQian\Program\PCD2_Assignment\assignment.c(5977,17): warning C4267: 'initializing': conversion from 'size_t' to 'int', possible loss of data
D:\Y1S3\PCD2\Assignment\AACS1084AssignmentTaiYongXinLengWeiHengTiuKaiHannChongLiQian\Program\PCD2_Assignment\assignment.c(6248,17): warning C4101: 'cont': unreferenced local variable
D:\Y1S3\PCD2\Assignment\AACS1084AssignmentTaiYongXinLengWeiHengTiuKaiHannChongLiQian\Program\PCD2_Assignment\assignment.c(6431,17): warning C4101: 'cont': unreferenced local variable
D:\Y1S3\PCD2\Assignment\AACS1084AssignmentTaiYongXinLengWeiHengTiuKaiHannChongLiQian\Program\PCD2_Assignment\assignment.c(6522,7): warning C4101: 'cont': unreferenced local variable
D:\Y1S3\PCD2\Assignment\AACS1084AssignmentTaiYongXinLengWeiHengTiuKaiHannChongLiQian\Program\PCD2_Assignment\assignment.c(6848,27): warning C4477: 'fscanf' : format string '%d' requires an argument of type 'int *', but variadic argument 8 has type 'Time *'
D:\Y1S3\PCD2\Assignment\AACS1084AssignmentTaiYongXinLengWeiHengTiuKaiHannChongLiQian\Program\PCD2_Assignment\assignment.c(6848,27): warning C4477: 'fscanf' : format string '%d' requires an argument of type 'int *', but variadic argument 9 has type 'Time *'
D:\Y1S3\PCD2\Assignment\AACS1084AssignmentTaiYongXinLengWeiHengTiuKaiHannChongLiQian\Program\PCD2_Assignment\assignment.c(6856,12): warning C4477: 'printf' : format string '%11d' requires an argument of type 'int', but variadic argument 8 has type 'Time'
D:\Y1S3\PCD2\Assignment\AACS1084AssignmentTaiYongXinLengWeiHengTiuKaiHannChongLiQian\Program\PCD2_Assignment\assignment.c(6856,12): warning C4477: 'printf' : format string '%10d' requires an argument of type 'int', but variadic argument 9 has type 'Time'
D:\Y1S3\PCD2\Assignment\AACS1084AssignmentTaiYongXinLengWeiHengTiuKaiHannChongLiQian\Program\PCD2_Assignment\assignment.c(6912,27): warning C4477: 'fscanf' : format string '%d' requires an argument of type 'int *', but variadic argument 8 has type 'Time *'
D:\Y1S3\PCD2\Assignment\AACS1084AssignmentTaiYongXinLengWeiHengTiuKaiHannChongLiQian\Program\PCD2_Assignment\assignment.c(6912,27): warning C4477: 'fscanf' : format string '%d' requires an argument of type 'int *', but variadic argument 9 has type 'Time *'
D:\Y1S3\PCD2\Assignment\AACS1084AssignmentTaiYongXinLengWeiHengTiuKaiHannChongLiQian\Program\PCD2_Assignment\assignment.c(7007,24): warning C4477: 'fscanf' : format string '%d' requires an argument of type 'int *', but variadic argument 8 has type 'Time *'
D:\Y1S3\PCD2\Assignment\AACS1084AssignmentTaiYongXinLengWeiHengTiuKaiHannChongLiQian\Program\PCD2_Assignment\assignment.c(7007,24): warning C4477: 'fscanf' : format string '%d' requires an argument of type 'int *', but variadic argument 9 has type 'Time *'
D:\Y1S3\PCD2\Assignment\AACS1084AssignmentTaiYongXinLengWeiHengTiuKaiHannChongLiQian\Program\PCD2_Assignment\assignment.c(7222,26): warning C4477: 'fscanf' : format string '%d' requires an argument of type 'int *', but variadic argument 8 has type 'Time *'
D:\Y1S3\PCD2\Assignment\AACS1084AssignmentTaiYongXinLengWeiHengTiuKaiHannChongLiQian\Program\PCD2_Assignment\assignment.c(7222,26): warning C4477: 'fscanf' : format string '%d' requires an argument of type 'int *', but variadic argument 9 has type 'Time *'
D:\Y1S3\PCD2\Assignment\AACS1084AssignmentTaiYongXinLengWeiHengTiuKaiHannChongLiQian\Program\PCD2_Assignment\assignment.c(7295,24): warning C4101: 'newReceipt': unreferenced local variable
D:\Y1S3\PCD2\Assignment\AACS1084AssignmentTaiYongXinLengWeiHengTiuKaiHannChongLiQian\Program\PCD2_Assignment\assignment.c(7494,4): warning C4033: 'ticketBookingMenu' must return a value
D:\Y1S3\PCD2\Assignment\AACS1084AssignmentTaiYongXinLengWeiHengTiuKaiHannChongLiQian\Program\PCD2_Assignment\assignment.c(6816,1): warning C4715: 'noOfPax': not all control paths return a value
D:\Y1S3\PCD2\Assignment\AACS1084AssignmentTaiYongXinLengWeiHengTiuKaiHannChongLiQian\Program\PCD2_Assignment\assignment.c(7503,1): warning C4715: 'ticketBookingMenu': not all control paths return a value
  PCD2_Assignment.vcxproj -> D:\Y1S3\PCD2\Assignment\AACS1084AssignmentTaiYongXinLengWeiHengTiuKaiHannChongLiQian\Program\x64\Debug\PCD2_Assignment.exe
